[debug] [2025-06-10T08:56:51.198Z] ----------------------------------------------------------------------
[debug] [2025-06-10T08:56:51.225Z] Command:       C:\nvm4w\nodejs\node.exe C:\Users\Home\AppData\Roaming\npm\node_modules\firebase-tools\lib\bin\firebase.js init
[debug] [2025-06-10T08:56:51.226Z] CLI Version:   14.6.0
[debug] [2025-06-10T08:56:51.227Z] Platform:      win32
[debug] [2025-06-10T08:56:51.227Z] Node Version:  v22.16.0
[debug] [2025-06-10T08:56:51.228Z] Time:          Tue Jun 10 2025 14:26:51 GMT+0530 (India Standard Time)
[debug] [2025-06-10T08:56:51.229Z] ----------------------------------------------------------------------
[debug] 
[debug] [2025-06-10T08:56:51.245Z] > command requires scopes: ["email","openid","https://www.googleapis.com/auth/cloudplatformprojects.readonly","https://www.googleapis.com/auth/firebase","https://www.googleapis.com/auth/cloud-platform"]
[debug] [2025-06-10T08:56:51.246Z] > authorizing via signed-in user (sai@doctorite.ai)
[info] 
     ######## #### ########  ######## ########     ###     ######  ########
     ##        ##  ##     ## ##       ##     ##  ##   ##  ##       ##
     ######    ##  ########  ######   ########  #########  ######  ######
     ##        ##  ##    ##  ##       ##     ## ##     ##       ## ##
     ##       #### ##     ## ######## ########  ##     ##  ######  ########

You're about to initialize a Firebase project in this directory:

  C:\Users\Home\Downloads\cloth\project

[info] 
=== Project Setup
[info] 
[info] First, let's associate this project directory with a Firebase project.
[info] You can create multiple project aliases by running firebase use --add, 
[info] but for now we'll just set up a default project.
[info] 
[info] i  If you want to create a project in a Google Cloud organization or folder, please use "firebase projects:create" instead, and return to this command when you've created the project. 
[debug] [2025-06-10T08:57:15.536Z] Checked if tokens are valid: true, expires at: 1749549391464
[debug] [2025-06-10T08:57:15.536Z] Checked if tokens are valid: true, expires at: 1749549391464
[debug] [2025-06-10T08:57:15.538Z] >>> [apiv2][query] POST https://cloudresourcemanager.googleapis.com/v1/projects [none]
[debug] [2025-06-10T08:57:15.538Z] >>> [apiv2][body] POST https://cloudresourcemanager.googleapis.com/v1/projects {"projectId":"9701535747","name":"clothing"}
[debug] [2025-06-10T08:57:17.174Z] <<< [apiv2][status] POST https://cloudresourcemanager.googleapis.com/v1/projects 400
[debug] [2025-06-10T08:57:17.175Z] <<< [apiv2][body] POST https://cloudresourcemanager.googleapis.com/v1/projects {"error":{"code":400,"message":"field [project_id] has issue [project_id contains invalid characters]","status":"INVALID_ARGUMENT","details":[{"@type":"type.googleapis.com/google.rpc.BadRequest","fieldViolations":[{"field":"project_id","description":"project_id contains invalid characters"}]},{"@type":"type.googleapis.com/google.rpc.Help","links":[{"url":"https://cloud.google.com/resource-manager/reference/rest/v1/projects"}]}]}}
[debug] [2025-06-10T08:57:17.365Z] FirebaseError: Request to https://cloudresourcemanager.googleapis.com/v1/projects had HTTP Error: 400, field [project_id] has issue [project_id contains invalid characters]
    at responseToError (C:\Users\Home\AppData\Roaming\npm\node_modules\firebase-tools\lib\responseToError.js:52:12)
    at RetryOperation._fn (C:\Users\Home\AppData\Roaming\npm\node_modules\firebase-tools\lib\apiv2.js:312:77)
    at process.processTicksAndRejections (node:internal/process/task_queues:105:5)
[error] 
[error] Error: Failed to create project. See firebase-debug.log for more info.
[debug] [2025-06-10T08:58:53.177Z] ----------------------------------------------------------------------
[debug] [2025-06-10T08:58:53.203Z] Command:       C:\nvm4w\nodejs\node.exe C:\Users\Home\AppData\Roaming\npm\node_modules\firebase-tools\lib\bin\firebase.js init
[debug] [2025-06-10T08:58:53.204Z] CLI Version:   14.6.0
[debug] [2025-06-10T08:58:53.204Z] Platform:      win32
[debug] [2025-06-10T08:58:53.204Z] Node Version:  v22.16.0
[debug] [2025-06-10T08:58:53.205Z] Time:          Tue Jun 10 2025 14:28:53 GMT+0530 (India Standard Time)
[debug] [2025-06-10T08:58:53.206Z] ----------------------------------------------------------------------
[debug] 
[debug] [2025-06-10T08:58:53.224Z] > command requires scopes: ["email","openid","https://www.googleapis.com/auth/cloudplatformprojects.readonly","https://www.googleapis.com/auth/firebase","https://www.googleapis.com/auth/cloud-platform"]
[debug] [2025-06-10T08:58:53.226Z] > authorizing via signed-in user (sai@doctorite.ai)
[info] 
     ######## #### ########  ######## ########     ###     ######  ########
     ##        ##  ##     ## ##       ##     ##  ##   ##  ##       ##
     ######    ##  ########  ######   ########  #########  ######  ######
     ##        ##  ##    ##  ##       ##     ## ##     ##       ## ##
     ##       #### ##     ## ######## ########  ##     ##  ######  ########

You're about to initialize a Firebase project in this directory:

  C:\Users\Home\Downloads\cloth\project

[info] 
=== Project Setup
[info] 
[info] First, let's associate this project directory with a Firebase project.
[info] You can create multiple project aliases by running firebase use --add, 
[info] but for now we'll just set up a default project.
[info] 
[debug] [2025-06-10T08:59:02.138Z] Checked if tokens are valid: true, expires at: 1749549391464
[debug] [2025-06-10T08:59:02.138Z] Checked if tokens are valid: true, expires at: 1749549391464
[debug] [2025-06-10T08:59:02.142Z] >>> [apiv2][query] GET https://firebase.googleapis.com/v1beta1/projects pageSize=100
[debug] [2025-06-10T08:59:03.242Z] <<< [apiv2][status] GET https://firebase.googleapis.com/v1beta1/projects 200
[debug] [2025-06-10T08:59:03.242Z] <<< [apiv2][body] GET https://firebase.googleapis.com/v1beta1/projects [omitted]
[info] i  Using project flutter-healthcare-b6cbf (flutter-healthcare) 
[info] 
=== Hosting Setup
[debug] [2025-06-10T08:59:11.014Z] Checked if tokens are valid: true, expires at: 1749549391464
[debug] [2025-06-10T08:59:11.015Z] Checked if tokens are valid: true, expires at: 1749549391464
[debug] [2025-06-10T08:59:11.015Z] >>> [apiv2][query] GET https://firebase.googleapis.com/v1beta1/projects/flutter-healthcare-b6cbf [none]
[debug] [2025-06-10T08:59:11.604Z] <<< [apiv2][status] GET https://firebase.googleapis.com/v1beta1/projects/flutter-healthcare-b6cbf 200
[debug] [2025-06-10T08:59:11.604Z] <<< [apiv2][body] GET https://firebase.googleapis.com/v1beta1/projects/flutter-healthcare-b6cbf {"projectId":"flutter-healthcare-b6cbf","projectNumber":"468068711405","displayName":"flutter-healthcare","name":"projects/flutter-healthcare-b6cbf","resources":{"hostingSite":"flutter-healthcare-b6cbf"},"state":"ACTIVE","etag":"1_8fef827e-2a82-486f-87e9-06a99889031b"}
[info] 
[info] Your public directory is the folder (relative to your project directory) that
[info] will contain Hosting assets to be uploaded with firebase deploy. If you
[info] have a build process for your assets, use your build's output directory.
[info] 
[debug] [2025-06-10T08:59:29.822Z] >>> [apiv2][query] GET https://www.gstatic.com/firebasejs/releases.json [none]
[debug] [2025-06-10T08:59:29.947Z] <<< [apiv2][status] GET https://www.gstatic.com/firebasejs/releases.json 200
[debug] [2025-06-10T08:59:29.948Z] <<< [apiv2][body] GET https://www.gstatic.com/firebasejs/releases.json {"current":{"version":"11.9.0","browserURL":"https://www.gstatic.com/firebasejs/11.9.0/firebase.js","packageURL":"https://www.gstatic.com/firebasejs/11.9.0/firebase.tgz"},"live":{"version":"11.9","browserURL":"https://www.gstatic.com/firebasejs/live/11.9/firebase.js","packageURL":"https://www.gstatic.com/firebasejs/live/11.9/firebase.tgz"},"components":{"ai":"https://www.gstatic.com/firebasejs/11.9.0/firebase-ai.js","analytics":"https://www.gstatic.com/firebasejs/11.9.0/firebase-analytics.js","app":"https://www.gstatic.com/firebasejs/11.9.0/firebase-app.js","app-check":"https://www.gstatic.com/firebasejs/11.9.0/firebase-app-check.js","auth":"https://www.gstatic.com/firebasejs/11.9.0/firebase-auth.js","auth/cordova":"https://www.gstatic.com/firebasejs/11.9.0/firebase-auth/cordova.js","auth/web-extension":"https://www.gstatic.com/firebasejs/11.9.0/firebase-auth/web-extension.js","functions":"https://www.gstatic.com/firebasejs/11.9.0/firebase-functions.js","firestore":"https://www.gstatic.com/firebasejs/11.9.0/firebase-firestore.js","firestore/lite":"https://www.gstatic.com/firebasejs/11.9.0/firebase-firestore/lite.js","installations":"https://www.gstatic.com/firebasejs/11.9.0/firebase-installations.js","storage":"https://www.gstatic.com/firebasejs/11.9.0/firebase-storage.js","performance":"https://www.gstatic.com/firebasejs/11.9.0/firebase-performance.js","remote-config":"https://www.gstatic.com/firebasejs/11.9.0/firebase-remote-config.js","messaging":"https://www.gstatic.com/firebasejs/11.9.0/firebase-messaging.js","messaging/sw":"https://www.gstatic.com/firebasejs/11.9.0/firebase-messaging/sw.js","database":"https://www.gstatic.com/firebasejs/11.9.0/firebase-database.js","vertexai":"https://www.gstatic.com/firebasejs/11.9.0/firebase-vertexai.js","data-connect":"https://www.gstatic.com/firebasejs/11.9.0/firebase-data-connect.js","firestore.memory":"https://www.gstatic.com/firebasejs/11.9.0/firebase-firestore.memory.js"}}
[info] +  Wrote Y/index.html 
[info] 
[info] i  Detected a .git folder at C:\Users\Home 
[info] i  Authorizing with GitHub to upload your service account to a GitHub repository's secrets store. 
[info] 
[info] Visit this URL on this device to log in:
[info] https://github.com/login/oauth/authorize?client_id=89cf50f02ac6aaed3484&state=671615924&redirect_uri=http%3A%2F%2Flocalhost%3A9005&scope=read%3Auser%20repo%20public_repo
[info] 
[info] Waiting for authentication...
[debug] [2025-06-10T08:59:37.676Z] >>> [apiv2][query] POST https://github.com/login/oauth/access_token [none]
[debug] [2025-06-10T08:59:37.677Z] >>> [apiv2][body] POST https://github.com/login/oauth/access_token [stream]
[debug] [2025-06-10T08:59:38.062Z] <<< [apiv2][status] POST https://github.com/login/oauth/access_token 200
[debug] [2025-06-10T08:59:38.063Z] <<< [apiv2][body] POST https://github.com/login/oauth/access_token {"access_token":"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","token_type":"bearer","scope":"read:user,repo"}
[debug] [2025-06-10T08:59:38.078Z] >>> [apiv2][query] GET https://api.github.com/user [none]
[debug] [2025-06-10T08:59:38.496Z] <<< [apiv2][status] GET https://api.github.com/user 200
[debug] [2025-06-10T08:59:38.497Z] <<< [apiv2][body] GET https://api.github.com/user {"login":"sailochan19171","id":117287129,"node_id":"U_kgDOBv2o2Q","avatar_url":"https://avatars.githubusercontent.com/u/117287129?v=4","gravatar_id":"","url":"https://api.github.com/users/sailochan19171","html_url":"https://github.com/sailochan19171","followers_url":"https://api.github.com/users/sailochan19171/followers","following_url":"https://api.github.com/users/sailochan19171/following{/other_user}","gists_url":"https://api.github.com/users/sailochan19171/gists{/gist_id}","starred_url":"https://api.github.com/users/sailochan19171/starred{/owner}{/repo}","subscriptions_url":"https://api.github.com/users/sailochan19171/subscriptions","organizations_url":"https://api.github.com/users/sailochan19171/orgs","repos_url":"https://api.github.com/users/sailochan19171/repos","events_url":"https://api.github.com/users/sailochan19171/events{/privacy}","received_events_url":"https://api.github.com/users/sailochan19171/received_events","type":"User","user_view_type":"private","site_admin":false,"name":null,"company":null,"blog":"","location":null,"email":null,"hireable":null,"bio":null,"twitter_username":null,"notification_email":null,"public_repos":27,"public_gists":0,"followers":1,"following":17,"created_at":"2022-11-02T13:37:04Z","updated_at":"2025-06-02T07:42:44Z","private_gists":0,"total_private_repos":9,"owned_private_repos":9,"disk_usage":25785,"collaborators":0,"two_factor_authentication":false,"plan":{"name":"free","space":976562499,"collaborators":0,"private_repos":10000}}
[info] 
[info] +  Success! Logged into GitHub as sailochan19171 
[info] 
